<?xml version="1.0" encoding="UTF-8"?>
<testng-results skipped="0" failed="0" total="1" passed="1">
  <reporter-output>
  </reporter-output>
  <suite name="BDD Test Suite" duration-ms="439" started-at="2018-09-23T13:42:24Z" finished-at="2018-09-23T13:42:24Z">
    <groups>
      <group name="cucumber">
        <method signature="TestRunner.feature(cucumber.api.testng.CucumberFeatureWrapper)[pri:0, instance:TestRunner@59f99ea]" name="feature" class="TestRunner"/>
      </group> <!-- cucumber -->
    </groups>
    <test name="Login and Update Profile Test" duration-ms="439" started-at="2018-09-23T13:42:24Z" finished-at="2018-09-23T13:42:24Z">
      <class name="TestRunner">
        <test-method status="PASS" signature="setUpClass()[pri:0, instance:TestRunner@59f99ea]" name="setUpClass" is-config="true" duration-ms="155" started-at="2018-09-23T19:12:24Z" finished-at="2018-09-23T19:12:24Z">
          <reporter-output>
          </reporter-output>
        </test-method> <!-- setUpClass -->
        <test-method status="PASS" signature="feature(cucumber.api.testng.CucumberFeatureWrapper)[pri:0, instance:TestRunner@59f99ea]" name="feature" duration-ms="159" started-at="2018-09-23T19:12:24Z" description="Runs Cucumber Feature" data-provider="features" finished-at="2018-09-23T19:12:24Z">
          <params>
            <param index="0">
              <value>
                <![CDATA[Login Profile]]>
              </value>
            </param>
          </params>
          <reporter-output>
          </reporter-output>
        </test-method> <!-- feature -->
        <test-method status="PASS" signature="tearDownClass()[pri:0, instance:TestRunner@59f99ea]" name="tearDownClass" is-config="true" duration-ms="56" started-at="2018-09-23T19:12:24Z" finished-at="2018-09-23T19:12:24Z">
          <reporter-output>
          </reporter-output>
        </test-method> <!-- tearDownClass -->
      </class> <!-- TestRunner -->
    </test> <!-- Login and Update Profile Test -->
  </suite> <!-- BDD Test Suite -->
</testng-results>
